{"name": "test_post_to_search_product_without_search_product_negative", "status": "failed", "statusDetails": {"message": "AssertionError: assert 200 == 400\n +  where 200 = <Response [200]>.status_code", "trace": "def test_post_to_search_product_without_search_product_negative():\n        endpoint = f\"{BASE_URL}/searchProduct\"\n        # data = {\n        #     \"search_product\": \"\",\n        # }\n    \n        response = requests.post(endpoint)\n>       assert response.status_code == 400\nE       assert 200 == 400\nE        +  where 200 = <Response [200]>.status_code\n\ntests/api/post/test_post_to_search.py:23: AssertionError"}, "start": 1756975581777, "stop": 1756975582037, "uuid": "295c5358-2d8f-4b32-b4bb-189f5303c1ab", "historyId": "b9e5d4f8c7e22544135c2f39e5d4c395", "testCaseId": "b9e5d4f8c7e22544135c2f39e5d4c395", "fullName": "tests.api.post.test_post_to_search#test_post_to_search_product_without_search_product_negative", "labels": [{"name": "parentSuite", "value": "tests.api.post"}, {"name": "suite", "value": "test_post_to_search"}, {"name": "host", "value": "Admins-MacBook-Pro.local"}, {"name": "thread", "value": "84640-MainThread"}, {"name": "framework", "value": "pytest"}, {"name": "language", "value": "cpython3"}, {"name": "package", "value": "tests.api.post.test_post_to_search"}], "titlePath": ["tests", "api", "post", "test_post_to_search.py"]}