{"name": "test_get_account_detail_by_mail_negative", "status": "failed", "statusDetails": {"message": "AssertionError: assert 200 == 404\n +  where 200 = <Response [200]>.status_code", "trace": "def test_get_account_detail_by_mail_negative():\n        endpoint = f\"{BASE_URL}/getUserDetailByEmail\"\n        params = {\n            \"email\": INVALID_EMAIL,\n            \"password\": INVALID_PASSWORD\n        }\n    \n        response = requests.get(endpoint, params=params)\n    \n>       assert response.status_code == 404\nE       assert 200 == 404\nE        +  where 200 = <Response [200]>.status_code\n\ntests/api/get/test_get_user_account_by_mail.py:26: AssertionError"}, "start": 1756975579595, "stop": 1756975579826, "uuid": "94476bbe-1439-40b5-95d4-557e76a2e2c9", "historyId": "f35aa5dc55e3ff725ef7b1fd3d3d07dd", "testCaseId": "f35aa5dc55e3ff725ef7b1fd3d3d07dd", "fullName": "tests.api.get.test_get_user_account_by_mail#test_get_account_detail_by_mail_negative", "labels": [{"name": "parentSuite", "value": "tests.api.get"}, {"name": "suite", "value": "test_get_user_account_by_mail"}, {"name": "host", "value": "Admins-MacBook-Pro.local"}, {"name": "thread", "value": "84640-MainThread"}, {"name": "framework", "value": "pytest"}, {"name": "language", "value": "cpython3"}, {"name": "package", "value": "tests.api.get.test_get_user_account_by_mail"}], "titlePath": ["tests", "api", "get", "test_get_user_account_by_mail.py"]}